# JRE version: Java(TM) SE Runtime Environment (8.0_31-b13) (build 1.8.0_31-b13)
# Java VM: Java HotSpot(TM) 64-Bit Server VM (25.31-b07 mixed mode bsd-amd64 compressed oops)
Heap:
 PSYoungGen      total 295424K, used 95112K [0x0000000141700000, 0x0000000156a80000, 0x0000000156c00000)
  eden space 244224K, 29% used [0x0000000141700000,0x0000000145c7ba00,0x0000000150580000)
  from space 51200K, 46% used [0x0000000153880000,0x0000000154fe68c8,0x0000000156a80000)
  to   space 51712K, 0% used [0x0000000150580000,0x0000000150580000,0x0000000153800000)
 ParOldGen       total 221184K, used 173360K [0x0000000116c00000, 0x0000000124400000, 0x0000000141700000)
  object space 221184K, 78% used [0x0000000116c00000,0x000000012154c140,0x0000000124400000)
 Metaspace       used 142493K, capacity 152264K, committed 157696K, reserved 1181696K
  class space    used 19521K, capacity 22680K, committed 26112K, reserved 1048576K
GC Heap History (10 events):
Event: 9632.066 GC heap before
{Heap before GC invocations=108 (full 27):
 PSYoungGen      total 289792K, used 239616K [0x0000000141700000, 0x0000000156500000, 0x0000000156c00000)
  eden space 239616K, 100% used [0x0000000141700000,0x0000000150100000,0x0000000150100000)
  from space 50176K, 0% used [0x0000000153400000,0x0000000153400000,0x0000000156500000)
  to   space 51200K, 0% used [0x0000000150100000,0x0000000150100000,0x0000000153300000)
 ParOldGen       total 221184K, used 154750K [0x0000000116c00000, 0x0000000124400000, 0x0000000141700000)
  object space 221184K, 69% used [0x0000000116c00000,0x000000012031f990,0x0000000124400000)
 Metaspace       used 129456K, capacity 138086K, committed 157696K, reserved 1181696K
  class space    used 17658K, capacity 20381K, committed 26112K, reserved 1048576K
Event: 9632.176 GC heap after
Heap after GC invocations=108 (full 27):
 PSYoungGen      total 290816K, used 23917K [0x0000000141700000, 0x0000000156680000, 0x0000000156c00000)
  eden space 239616K, 0% used [0x0000000141700000,0x0000000141700000,0x0000000150100000)
  from space 51200K, 46% used [0x0000000150100000,0x000000015185b4e8,0x0000000153300000)
  to   space 49664K, 0% used [0x0000000153600000,0x0000000153600000,0x0000000156680000)
 ParOldGen       total 221184K, used 154750K [0x0000000116c00000, 0x0000000124400000, 0x0000000141700000)
  object space 221184K, 69% used [0x0000000116c00000,0x000000012031f990,0x0000000124400000)
 Metaspace       used 129456K, capacity 138086K, committed 157696K, reserved 1181696K
  class space    used 17658K, capacity 20381K, committed 26112K, reserved 1048576K
}
Event: 9845.649 GC heap before
{Heap before GC invocations=109 (full 27):
 PSYoungGen      total 290816K, used 263533K [0x0000000141700000, 0x0000000156680000, 0x0000000156c00000)
  eden space 239616K, 100% used [0x0000000141700000,0x0000000150100000,0x0000000150100000)
  from space 51200K, 46% used [0x0000000150100000,0x000000015185b4e8,0x0000000153300000)
  to   space 49664K, 0% used [0x0000000153600000,0x0000000153600000,0x0000000156680000)
 ParOldGen       total 221184K, used 154750K [0x0000000116c00000, 0x0000000124400000, 0x0000000141700000)
  object space 221184K, 69% used [0x0000000116c00000,0x000000012031f990,0x0000000124400000)
 Metaspace       used 135722K, capacity 145263K, committed 157696K, reserved 1181696K
  class space    used 18612K, capacity 21618K, committed 26112K, reserved 1048576K
Event: 9845.784 GC heap after
Heap after GC invocations=109 (full 27):
 PSYoungGen      total 291328K, used 40281K [0x0000000141700000, 0x0000000156b00000, 0x0000000156c00000)
  eden space 241664K, 0% used [0x0000000141700000,0x0000000141700000,0x0000000150300000)
  from space 49664K, 81% used [0x0000000153600000,0x0000000155d56670,0x0000000156680000)
  to   space 52224K, 0% used [0x0000000150300000,0x0000000150300000,0x0000000153600000)
 ParOldGen       total 221184K, used 154758K [0x0000000116c00000, 0x0000000124400000, 0x0000000141700000)
  object space 221184K, 69% used [0x0000000116c00000,0x0000000120321990,0x0000000124400000)
 Metaspace       used 135722K, capacity 145263K, committed 157696K, reserved 1181696K
  class space    used 18612K, capacity 21618K, committed 26112K, reserved 1048576K
}
Event: 9859.054 GC heap before
{Heap before GC invocations=110 (full 27):
 PSYoungGen      total 291328K, used 136748K [0x0000000141700000, 0x0000000156b00000, 0x0000000156c00000)
  eden space 241664K, 39% used [0x0000000141700000,0x00000001475349e0,0x0000000150300000)
  from space 49664K, 81% used [0x0000000153600000,0x0000000155d56670,0x0000000156680000)
  to   space 52224K, 0% used [0x0000000150300000,0x0000000150300000,0x0000000153600000)
 ParOldGen       total 221184K, used 154758K [0x0000000116c00000, 0x0000000124400000, 0x0000000141700000)
  object space 221184K, 69% used [0x0000000116c00000,0x0000000120321990,0x0000000124400000)
 Metaspace       used 136648K, capacity 146187K, committed 157696K, reserved 1181696K
  class space    used 18776K, capacity 21818K, committed 26112K, reserved 1048576K
Event: 9859.119 GC heap after
Heap after GC invocations=110 (full 27):
 PSYoungGen      total 293888K, used 37318K [0x0000000141700000, 0x0000000156c00000, 0x0000000156c00000)
  eden space 241664K, 0% used [0x0000000141700000,0x0000000141700000,0x0000000150300000)
  from space 52224K, 71% used [0x0000000150300000,0x0000000152771a80,0x0000000153600000)
  to   space 52736K, 0% used [0x0000000153880000,0x0000000153880000,0x0000000156c00000)
 ParOldGen       total 221184K, used 154766K [0x0000000116c00000, 0x0000000124400000, 0x0000000141700000)
  object space 221184K, 69% used [0x0000000116c00000,0x0000000120323990,0x0000000124400000)
 Metaspace       used 136648K, capacity 146187K, committed 157696K, reserved 1181696K
  class space    used 18776K, capacity 21818K, committed 26112K, reserved 1048576K
}
Event: 9859.119 GC heap before
{Heap before GC invocations=111 (full 28):
 PSYoungGen      total 293888K, used 37318K [0x0000000141700000, 0x0000000156c00000, 0x0000000156c00000)
  eden space 241664K, 0% used [0x0000000141700000,0x0000000141700000,0x0000000150300000)
  from space 52224K, 71% used [0x0000000150300000,0x0000000152771a80,0x0000000153600000)
  to   space 52736K, 0% used [0x0000000153880000,0x0000000153880000,0x0000000156c00000)
 ParOldGen       total 221184K, used 154766K [0x0000000116c00000, 0x0000000124400000, 0x0000000141700000)
  object space 221184K, 69% used [0x0000000116c00000,0x0000000120323990,0x0000000124400000)
 Metaspace       used 136648K, capacity 146187K, committed 157696K, reserved 1181696K
  class space    used 18776K, capacity 21818K, committed 26112K, reserved 1048576K
Event: 9860.748 GC heap after
Heap after GC invocations=111 (full 28):
 PSYoungGen      total 293888K, used 0K [0x0000000141700000, 0x0000000156c00000, 0x0000000156c00000)
  eden space 241664K, 0% used [0x0000000141700000,0x0000000141700000,0x0000000150300000)
  from space 52224K, 0% used [0x0000000150300000,0x0000000150300000,0x0000000153600000)
  to   space 52736K, 0% used [0x0000000153880000,0x0000000153880000,0x0000000156c00000)
 ParOldGen       total 221184K, used 173352K [0x0000000116c00000, 0x0000000124400000, 0x0000000141700000)
  object space 221184K, 78% used [0x0000000116c00000,0x000000012154a140,0x0000000124400000)
 Metaspace       used 136038K, capacity 144919K, committed 157696K, reserved 1181696K
  class space    used 18536K, capacity 21373K, committed 26112K, reserved 1048576K
}
Event: 9973.645 GC heap before
{Heap before GC invocations=112 (full 28):
 PSYoungGen      total 293888K, used 241664K [0x0000000141700000, 0x0000000156c00000, 0x0000000156c00000)
  eden space 241664K, 100% used [0x0000000141700000,0x0000000150300000,0x0000000150300000)
  from space 52224K, 0% used [0x0000000150300000,0x0000000150300000,0x0000000153600000)
  to   space 52736K, 0% used [0x0000000153880000,0x0000000153880000,0x0000000156c00000)
 ParOldGen       total 221184K, used 173352K [0x0000000116c00000, 0x0000000124400000, 0x0000000141700000)
  object space 221184K, 78% used [0x0000000116c00000,0x000000012154a140,0x0000000124400000)
 Metaspace       used 142341K, capacity 152032K, committed 157696K, reserved 1181696K
  class space    used 19493K, capacity 22606K, committed 26112K, reserved 1048576K
Event: 9973.733 GC heap after
Heap after GC invocations=112 (full 28):
 PSYoungGen      total 295424K, used 23962K [0x0000000141700000, 0x0000000156a80000, 0x0000000156c00000)
  eden space 244224K, 0% used [0x0000000141700000,0x0000000141700000,0x0000000150580000)
  from space 51200K, 46% used [0x0000000153880000,0x0000000154fe68c8,0x0000000156a80000)
  to   space 51712K, 0% used [0x0000000150580000,0x0000000150580000,0x0000000153800000)
 ParOldGen       total 221184K, used 173360K [0x0000000116c00000, 0x0000000124400000, 0x0000000141700000)
  object space 221184K, 78% used [0x0000000116c00000,0x000000012154c140,0x0000000124400000)
 Metaspace       used 142341K, capacity 152032K, committed 157696K, reserved 1181696K
  class space    used 19493K, capacity 22606K, committed 26112K, reserved 1048576K
}

